<?xml version="1.0" encoding="UTF-8"?>
<!-- Generated by org.testng.reporters.JUnitReportReporter -->
<testsuite hostname="DESKTOP-KGVPTQ0" failures="0" tests="1" name="Test" time="64.677" errors="0" timestamp="2023-01-19T12:01:31 CET" skipped="0">
  <testcase classname="Test" name="API" time="64.677"/>
  <system-out/>
</testsuite> <!-- Test -->
