<?xml version="1.0" encoding="UTF-8"?>
<!-- Generated by org.testng.reporters.JUnitReportReporter -->
<testsuite hostname="DESKTOP-KGVPTQ0" failures="0" tests="1" name="Test" time="136.484" errors="0" timestamp="2023-01-14T16:29:05 CET" skipped="0">
  <testcase classname="Test" name="API" time="136.484"/>
  <system-out/>
</testsuite> <!-- Test -->
