<?xml version="1.0" encoding="UTF-8"?>
<!-- Generated by org.testng.reporters.JUnitReportReporter -->
<testsuite hostname="DESKTOP-KGVPTQ0" failures="0" tests="1" name="Test" time="87.920" errors="0" timestamp="2023-01-07T20:01:48 CET" skipped="0">
  <testcase classname="Test" name="API" time="87.920"/>
  <system-out/>
</testsuite> <!-- Test -->
