<?xml version="1.0" encoding="UTF-8"?>
<!-- Generated by org.testng.reporters.JUnitReportReporter -->
<testsuite hostname="DESKTOP-KGVPTQ0" failures="0" tests="1" name="Test" time="81.155" errors="0" timestamp="2023-01-16T20:01:45 CET" skipped="0">
  <testcase classname="Test" name="API" time="81.155"/>
  <system-out/>
</testsuite> <!-- Test -->
