<?xml version="1.0" encoding="UTF-8"?>
<!-- Generated by org.testng.reporters.JUnitReportReporter -->
<testsuite hostname="DESKTOP-KGVPTQ0" failures="0" tests="1" name="Test" time="102.802" errors="0" timestamp="2023-01-08T13:24:11 CET" skipped="0">
  <testcase classname="Test" name="API" time="102.802"/>
  <system-out/>
</testsuite> <!-- Test -->
