<?xml version="1.0" encoding="UTF-8"?>
<!-- Generated by org.testng.reporters.JUnitReportReporter -->
<testsuite hostname="DESKTOP-KGVPTQ0" failures="0" tests="1" name="Test" time="80.688" errors="0" timestamp="2023-01-08T20:01:46 CET" skipped="0">
  <testcase classname="Test" name="API" time="80.688"/>
  <system-out/>
</testsuite> <!-- Test -->
