<?xml version="1.0" encoding="UTF-8"?>
<!-- Generated by org.testng.reporters.JUnitReportReporter -->
<testsuite hostname="DESKTOP-KGVPTQ0" failures="0" tests="1" name="Test" time="111.150" errors="0" timestamp="2023-01-11T16:02:12 CET" skipped="0">
  <testcase classname="Test" name="API" time="111.150"/>
  <system-out/>
</testsuite> <!-- Test -->
