<?xml version="1.0" encoding="UTF-8"?>
<!-- Generated by org.testng.reporters.JUnitReportReporter -->
<testsuite hostname="DESKTOP-KGVPTQ0" failures="0" tests="1" name="Test" time="142.906" errors="0" timestamp="2023-01-07T14:52:27 CET" skipped="0">
  <testcase classname="Test" name="API" time="142.906"/>
  <system-out/>
</testsuite> <!-- Test -->
