<?xml version="1.0" encoding="UTF-8"?>
<!-- Generated by org.testng.reporters.JUnitReportReporter -->
<testsuite hostname="DESKTOP-KGVPTQ0" failures="0" tests="1" name="Test" time="118.465" errors="0" timestamp="2023-01-07T12:02:21 CET" skipped="0">
  <testcase classname="Test" name="API" time="118.465"/>
  <system-out/>
</testsuite> <!-- Test -->
