<?xml version="1.0" encoding="UTF-8"?>
<!-- Generated by org.testng.reporters.JUnitReportReporter -->
<testsuite hostname="DESKTOP-KGVPTQ0" failures="0" tests="1" name="Test" time="92.108" errors="0" timestamp="2023-01-03T09:39:14 CET" skipped="0">
  <testcase classname="Test" name="API" time="92.108"/>
  <system-out/>
</testsuite> <!-- Test -->
