<?xml version="1.0" encoding="UTF-8"?>
<!-- Generated by org.testng.reporters.JUnitReportReporter -->
<testsuite hostname="DESKTOP-KGVPTQ0" failures="0" tests="1" name="Test" time="111.940" errors="0" timestamp="2023-01-09T20:02:14 CET" skipped="0">
  <testcase classname="Test" name="API" time="111.940"/>
  <system-out/>
</testsuite> <!-- Test -->
