<?xml version="1.0" encoding="UTF-8"?>
<!-- Generated by org.testng.reporters.JUnitReportReporter -->
<testsuite hostname="DESKTOP-KGVPTQ0" failures="0" tests="1" name="Test" time="91.649" errors="0" timestamp="2023-01-10T16:03:02 CET" skipped="0">
  <testcase classname="Test" name="API" time="91.649"/>
  <system-out/>
</testsuite> <!-- Test -->
