<?xml version="1.0" encoding="UTF-8"?>
<!-- Generated by org.testng.reporters.JUnitReportReporter -->
<testsuite hostname="DESKTOP-KGVPTQ0" failures="0" tests="1" name="Test" time="120.375" errors="0" timestamp="2023-01-18T18:02:28 CET" skipped="0">
  <testcase classname="Test" name="API" time="120.375"/>
  <system-out/>
</testsuite> <!-- Test -->
