<?xml version="1.0" encoding="UTF-8"?>
<!-- Generated by org.testng.reporters.JUnitReportReporter -->
<testsuite hostname="DESKTOP-KGVPTQ0" failures="0" tests="1" name="Test" time="111.436" errors="0" timestamp="2023-01-01T17:53:45 CET" skipped="0">
  <testcase classname="Test" name="API" time="111.436"/>
  <system-out/>
</testsuite> <!-- Test -->
