<?xml version="1.0" encoding="UTF-8"?>
<!-- Generated by org.testng.reporters.JUnitReportReporter -->
<testsuite hostname="DESKTOP-KGVPTQ0" failures="0" tests="1" name="Test" time="113.679" errors="0" timestamp="2023-01-02T22:41:17 CET" skipped="0">
  <testcase classname="Test" name="API" time="113.679"/>
  <system-out/>
</testsuite> <!-- Test -->
