<?xml version="1.0" encoding="UTF-8"?>
<!-- Generated by org.testng.reporters.JUnitReportReporter -->
<testsuite hostname="DESKTOP-KGVPTQ0" failures="0" tests="1" name="Test" time="76.391" errors="0" timestamp="2023-01-15T11:37:57 CET" skipped="0">
  <testcase classname="Test" name="API" time="76.391"/>
  <system-out/>
</testsuite> <!-- Test -->
