<?xml version="1.0" encoding="UTF-8"?>
<!-- Generated by org.testng.reporters.JUnitReportReporter -->
<testsuite hostname="DESKTOP-KGVPTQ0" failures="0" tests="1" name="Test" time="87.632" errors="0" timestamp="2023-01-09T16:01:49 CET" skipped="0">
  <testcase classname="Test" name="API" time="87.632"/>
  <system-out/>
</testsuite> <!-- Test -->
