<?xml version="1.0" encoding="UTF-8"?>
<!-- Generated by org.testng.reporters.JUnitReportReporter -->
<testsuite hostname="DESKTOP-KGVPTQ0" failures="0" tests="1" name="Test" time="87.692" errors="0" timestamp="2023-01-03T12:25:00 CET" skipped="0">
  <testcase classname="Test" name="API" time="87.692"/>
  <system-out/>
</testsuite> <!-- Test -->
