<?xml version="1.0" encoding="UTF-8"?>
<!-- Generated by org.testng.reporters.JUnitReportReporter -->
<testsuite hostname="DESKTOP-KGVPTQ0" failures="0" tests="1" name="Test" time="90.436" errors="0" timestamp="2023-01-05T20:15:34 CET" skipped="0">
  <testcase classname="Test" name="API" time="90.436"/>
  <system-out/>
</testsuite> <!-- Test -->
