<?xml version="1.0" encoding="UTF-8"?>
<!-- Generated by org.testng.reporters.JUnitReportReporter -->
<testsuite hostname="DESKTOP-KGVPTQ0" failures="0" tests="1" name="Test" time="101.849" errors="0" timestamp="2023-01-08T00:02:05 CET" skipped="0">
  <testcase classname="Test" name="API" time="101.849"/>
  <system-out/>
</testsuite> <!-- Test -->
