<?xml version="1.0" encoding="UTF-8"?>
<!-- Generated by org.testng.reporters.JUnitReportReporter -->
<testsuite hostname="DESKTOP-KGVPTQ0" failures="0" tests="1" name="Test" time="87.364" errors="0" timestamp="2023-01-17T19:29:01 CET" skipped="0">
  <testcase classname="Test" name="API" time="87.364"/>
  <system-out/>
</testsuite> <!-- Test -->
