<?xml version="1.0" encoding="UTF-8"?>
<!-- Generated by org.testng.reporters.JUnitReportReporter -->
<testsuite hostname="DESKTOP-KGVPTQ0" failures="0" tests="1" name="Test" time="82.914" errors="0" timestamp="2023-01-21T16:55:11 CET" skipped="0">
  <testcase classname="Test" name="API" time="82.914"/>
  <system-out/>
</testsuite> <!-- Test -->
