<?xml version="1.0" encoding="UTF-8"?>
<!-- Generated by org.testng.reporters.JUnitReportReporter -->
<testsuite hostname="DESKTOP-KGVPTQ0" failures="0" tests="1" name="Test" time="140.790" errors="0" timestamp="2023-01-17T15:19:34 CET" skipped="0">
  <testcase classname="Test" name="API" time="140.790"/>
  <system-out/>
</testsuite> <!-- Test -->
