<?xml version="1.0" encoding="UTF-8"?>
<!-- Generated by org.testng.reporters.JUnitReportReporter -->
<testsuite hostname="DESKTOP-KGVPTQ0" failures="0" tests="1" name="Test" time="81.122" errors="0" timestamp="2023-01-03T09:48:32 CET" skipped="0">
  <testcase classname="Test" name="API" time="81.122"/>
  <system-out/>
</testsuite> <!-- Test -->
